  Quelle.cpp
C:\Users\jb\OneDrive\Dokumente\GitHub\ProgrammierenUebung\Uebungsblaetter\Blatt2\Quelle.cpp(243,20): warning C4018: "<": Konflikt zwischen "signed" und "unsigned"
C:\Users\jb\OneDrive\Dokumente\GitHub\ProgrammierenUebung\Uebungsblaetter\Blatt2\Quelle.cpp(245,21): warning C4018: "<": Konflikt zwischen "signed" und "unsigned"
C:\Users\jb\OneDrive\Dokumente\GitHub\ProgrammierenUebung\Uebungsblaetter\Blatt2\Quelle.cpp(257,20): warning C4018: "<": Konflikt zwischen "signed" und "unsigned"
C:\Users\jb\OneDrive\Dokumente\GitHub\ProgrammierenUebung\Uebungsblaetter\Blatt2\Quelle.cpp(258,21): warning C4018: "<": Konflikt zwischen "signed" und "unsigned"
C:\Users\jb\OneDrive\Dokumente\GitHub\ProgrammierenUebung\Uebungsblaetter\Blatt2\Quelle.cpp(304,16): warning C4244: "Initialisierung": Konvertierung von "_Ty" in "int", möglicher Datenverlust
          with
          [
              _Ty=float
          ]
C:\Users\jb\OneDrive\Dokumente\GitHub\ProgrammierenUebung\Uebungsblaetter\Blatt2\Quelle.cpp(313,20): warning C4018: "<": Konflikt zwischen "signed" und "unsigned"
C:\Users\jb\OneDrive\Dokumente\GitHub\ProgrammierenUebung\Uebungsblaetter\Blatt2\Quelle.cpp(314,21): warning C4018: "<": Konflikt zwischen "signed" und "unsigned"
C:\Users\jb\OneDrive\Dokumente\GitHub\ProgrammierenUebung\Uebungsblaetter\Blatt2\Quelle.cpp(369,21): warning C4018: "<": Konflikt zwischen "signed" und "unsigned"
C:\Users\jb\OneDrive\Dokumente\GitHub\ProgrammierenUebung\Uebungsblaetter\Blatt2\Quelle.cpp(370,22): warning C4018: "<": Konflikt zwischen "signed" und "unsigned"
C:\Users\jb\OneDrive\Dokumente\GitHub\ProgrammierenUebung\Uebungsblaetter\Blatt2\Quelle.cpp(422,21): warning C4018: "<": Konflikt zwischen "signed" und "unsigned"
C:\Users\jb\OneDrive\Dokumente\GitHub\ProgrammierenUebung\Uebungsblaetter\Blatt2\Quelle.cpp(423,22): warning C4018: "<": Konflikt zwischen "signed" und "unsigned"
C:\Users\jb\OneDrive\Dokumente\GitHub\ProgrammierenUebung\Uebungsblaetter\Blatt2\Quelle.cpp(480,16): warning C4101: "temp": Unreferenzierte lokale Variable
C:\Users\jb\OneDrive\Dokumente\GitHub\ProgrammierenUebung\Uebungsblaetter\Blatt2\Quelle.cpp(167): warning C4172: Adresse einer lokalen Variablen oder eines temporären Werts ": e" wird zurückgegeben
C:\Users\jb\OneDrive\Dokumente\GitHub\ProgrammierenUebung\Uebungsblaetter\Blatt2\Quelle.cpp(181): warning C4172: Adresse einer lokalen Variablen oder eines temporären Werts ": res" wird zurückgegeben
C:\Users\jb\OneDrive\Dokumente\GitHub\ProgrammierenUebung\Uebungsblaetter\Blatt2\Quelle.cpp(446): warning C4715: "aufgabe13": Nicht alle Codepfade geben einen Wert zurück.
  Blatt2.vcxproj -> C:\Users\jb\OneDrive\Dokumente\GitHub\ProgrammierenUebung\Uebungsblaetter\Debug\Blatt2.exe
